Using pre-set license
Built from '2021.1/staging' branch; Version is '2021.1.19f1 (5f5eb8bbdc25) revision 6250168'; Using compiler version '192528614'; Build Type 'Release'
OS: 'Windows 10 Home; OS build 19042.1237; Version 2009; 64bit' Language: 'en' Physical Memory: 16249 MB
BatchMode: 1, IsHumanControllingUs: 0, StartBugReporterOnCrash: 0, Is64bit: 1, IsPro: 0

COMMAND LINE ARGUMENTS:
C:\Program Files\Unity\Hub\Editor\2021.1.19f1\Editor\Unity.exe
-adb2
-batchMode
-noUpm
-name
AssetImportWorker0
-projectPath
C:/Users/57048/桌面/Shader-Lab
-logFile
Logs/AssetImportWorker0.log
-srvPort
58634
Successfully changed project path to: C:/Users/57048/桌面/Shader-Lab
C:/Users/57048/桌面/Shader-Lab
Using Asset Import Pipeline V2.
Refreshing native plugins compatible for Editor in 49.12 ms, found 2 plugins.
Preloading 0 native plugins for Editor in 0.00 ms.
Initialize engine version: 2021.1.19f1 (5f5eb8bbdc25)
[Subsystems] Discovering subsystems at path C:/Program Files/Unity/Hub/Editor/2021.1.19f1/Editor/Data/Resources/UnitySubsystems
[Subsystems] Discovering subsystems at path C:/Users/57048/桌面/Shader-Lab/Assets
GfxDevice: creating device client; threaded=0; jobified=0
Direct3D:
    Version:  Direct3D 11.0 [level 11.1]
    Renderer: NVIDIA GeForce GTX 1060 with Max-Q Design (ID=0x1c20)
    Vendor:   NVIDIA
    VRAM:     6052 MB
    Driver:   30.0.14.7141
Initialize mono
Mono path[0] = 'C:/Program Files/Unity/Hub/Editor/2021.1.19f1/Editor/Data/Managed'
Mono path[1] = 'C:/Program Files/Unity/Hub/Editor/2021.1.19f1/Editor/Data/MonoBleedingEdge/lib/mono/unityjit'
Mono config path = 'C:/Program Files/Unity/Hub/Editor/2021.1.19f1/Editor/Data/MonoBleedingEdge/etc'
Using monoOptions --debugger-agent=transport=dt_socket,embedding=1,server=y,suspend=n,address=127.0.0.1:56580
Begin MonoManager ReloadAssembly
Registering precompiled unity dll's ...
Register platform support module: C:/Program Files/Unity/Hub/Editor/2021.1.19f1/Editor/Data/PlaybackEngines/WebGLSupport/UnityEditor.WebGL.Extensions.dll
Register platform support module: C:/Program Files/Unity/Hub/Editor/2021.1.19f1/Editor/Data/PlaybackEngines/WindowsStandaloneSupport/UnityEditor.WindowsStandalone.Extensions.dll
Registered in 0.002381 seconds.
Native extension for WindowsStandalone target not found
Native extension for WebGL target not found
Refreshing native plugins compatible for Editor in 51.06 ms, found 2 plugins.
Preloading 0 native plugins for Editor in 0.00 ms.
Mono: successfully reloaded assembly
- Completed reload, in  1.548 seconds
Domain Reload Profiling:
	ReloadAssembly (1548ms)
		BeginReloadAssembly (115ms)
			ExecutionOrderSort (0ms)
			DisableScriptedObjects (0ms)
			BackupInstance (0ms)
			ReleaseScriptingObjects (0ms)
			CreateAndSetChildDomain (1ms)
		EndReloadAssembly (633ms)
			LoadAssemblies (113ms)
			RebuildTransferFunctionScriptingTraits (0ms)
			SetupTypeCache (277ms)
			ReleaseScriptCaches (0ms)
			RebuildScriptCaches (38ms)
			SetupLoadedEditorAssemblies (254ms)
				LogAssemblyErrors (0ms)
				InitializePlatformSupportModulesInManaged (8ms)
				SetLoadedEditorAssemblies (0ms)
				RefreshPlugins (51ms)
				BeforeProcessingInitializeOnLoad (2ms)
				ProcessInitializeOnLoadAttributes (147ms)
				ProcessInitializeOnLoadMethodAttributes (46ms)
				AfterProcessingInitializeOnLoad (0ms)
				EditorAssembliesLoaded (0ms)
			ExecutionOrderSort2 (0ms)
			AwakeInstancesAfterBackupRestoration (0ms)
Platform modules already initialized, skipping
Registering precompiled user dll's ...
Registered in 0.003913 seconds.
Begin MonoManager ReloadAssembly
Native extension for WindowsStandalone target not found
Native extension for WebGL target not found
Refreshing native plugins compatible for Editor in 0.35 ms, found 2 plugins.
Preloading 0 native plugins for Editor in 0.00 ms.
Mono: successfully reloaded assembly
- Completed reload, in  1.353 seconds
Domain Reload Profiling:
	ReloadAssembly (1354ms)
		BeginReloadAssembly (204ms)
			ExecutionOrderSort (0ms)
			DisableScriptedObjects (9ms)
			BackupInstance (0ms)
			ReleaseScriptingObjects (0ms)
			CreateAndSetChildDomain (26ms)
		EndReloadAssembly (1074ms)
			LoadAssemblies (114ms)
			RebuildTransferFunctionScriptingTraits (0ms)
			SetupTypeCache (380ms)
			ReleaseScriptCaches (0ms)
			RebuildScriptCaches (51ms)
			SetupLoadedEditorAssemblies (412ms)
				LogAssemblyErrors (0ms)
				InitializePlatformSupportModulesInManaged (12ms)
				SetLoadedEditorAssemblies (0ms)
				RefreshPlugins (0ms)
				BeforeProcessingInitializeOnLoad (72ms)
				ProcessInitializeOnLoadAttributes (317ms)
				ProcessInitializeOnLoadMethodAttributes (4ms)
				AfterProcessingInitializeOnLoad (6ms)
				EditorAssembliesLoaded (0ms)
			ExecutionOrderSort2 (0ms)
			AwakeInstancesAfterBackupRestoration (9ms)
Platform modules already initialized, skipping
========================================================================
Worker process is ready to serve import requests
Launched and connected shader compiler UnityShaderCompiler.exe after 0.10 seconds
Refreshing native plugins compatible for Editor in 0.29 ms, found 2 plugins.
Preloading 0 native plugins for Editor in 0.00 ms.
Unloading 1448 Unused Serialized files (Serialized files now loaded: 0)
System memory in use before: 71.5 MB.
System memory in use after: 71.5 MB.

Unloading 17 unused Assets to reduce memory usage. Loaded Objects now: 1897.
Total: 4.663900 ms (FindLiveObjects: 0.131000 ms CreateObjectMapping: 0.047900 ms MarkObjects: 4.138600 ms  DeleteObjects: 0.342600 ms)

AssetImportParameters requested are different than current active one (requested -> active):
  custom:framework-win-MediaFoundation: 216162199b28c13a410421893ffa2e32 -> 
  custom:video-decoder-ogg-theora: a1e56fd34408186e4bbccfd4996cb3dc -> 
  custom:container-muxer-webm: aa71ff27fc2769a1b78a27578f13a17b -> 
  custom:container-demuxer-webm: 4f35f7cbe854078d1ac9338744f61a02 -> 
  custom:container-demuxer-ogg: 62fdf1f143b41e24485cea50d1cbac27 -> 
  custom:video-encoder-webm-vp8: eb34c28f22e8b96e1ab97ce403110664 -> 
  custom:video-decoder-webm-vp8: 9c59270c3fd7afecdb556c50c9e8de78 -> 
  custom:audio-decoder-ogg-vorbis: bf7c407c2cedff20999df2af8eb42d56 -> 
  custom:audio-encoder-webm-vorbis: bf7c407c2cedff20999df2af8eb42d56 -> 
========================================================================
Received Import Request.
  path: Assets/topics/04 randomness, noise, determinism/shaders/Assignment.shader
  artifactKey: Guid(0108f4683982bb8449765f104dc56186) Importer(815301076,1909f56bfc062723c751e8b465ee728b)
Start importing Assets/topics/04 randomness, noise, determinism/shaders/Assignment.shader using Guid(0108f4683982bb8449765f104dc56186) Importer(815301076,1909f56bfc062723c751e8b465ee728b)  -> (artifact id: 'b2fca13bbc9e771ed0a99673c3261e1d') in 0.067681 seconds 
========================================================================
Received Import Request.
  Time since last request: 27.061771 seconds.
  path: Assets/topics/04 randomness, noise, determinism/shaders/Assignment.shader
  artifactKey: Guid(0108f4683982bb8449765f104dc56186) Importer(815301076,1909f56bfc062723c751e8b465ee728b)
Start importing Assets/topics/04 randomness, noise, determinism/shaders/Assignment.shader using Guid(0108f4683982bb8449765f104dc56186) Importer(815301076,1909f56bfc062723c751e8b465ee728b)  -> (artifact id: 'b77ca4f1ab8ff52b2a92f6466d783a0c') in 0.011365 seconds 
========================================================================
Received Import Request.
  Time since last request: 68.845557 seconds.
  path: Assets/topics/04 randomness, noise, determinism/shaders/Assignment.shader
  artifactKey: Guid(0108f4683982bb8449765f104dc56186) Importer(815301076,1909f56bfc062723c751e8b465ee728b)
Start importing Assets/topics/04 randomness, noise, determinism/shaders/Assignment.shader using Guid(0108f4683982bb8449765f104dc56186) Importer(815301076,1909f56bfc062723c751e8b465ee728b)  -> (artifact id: '99a9fb53ba61ac558fa08e1387ac25c9') in 0.004467 seconds 
========================================================================
Received Import Request.
  Time since last request: 8.829742 seconds.
  path: Assets/topics/04 randomness, noise, determinism/shaders/Assignment.shader
  artifactKey: Guid(0108f4683982bb8449765f104dc56186) Importer(815301076,1909f56bfc062723c751e8b465ee728b)
Start importing Assets/topics/04 randomness, noise, determinism/shaders/Assignment.shader using Guid(0108f4683982bb8449765f104dc56186) Importer(815301076,1909f56bfc062723c751e8b465ee728b)  -> (artifact id: 'b91e56009609584b334cf895075c17cd') in 0.010793 seconds 
========================================================================
Received Import Request.
  Time since last request: 21.300516 seconds.
  path: Assets/topics/04 randomness, noise, determinism/shaders/Assignment.shader
  artifactKey: Guid(0108f4683982bb8449765f104dc56186) Importer(815301076,1909f56bfc062723c751e8b465ee728b)
Start importing Assets/topics/04 randomness, noise, determinism/shaders/Assignment.shader using Guid(0108f4683982bb8449765f104dc56186) Importer(815301076,1909f56bfc062723c751e8b465ee728b)  -> (artifact id: '910879bfc1e2d334ba3fb0152a457d1b') in 0.006878 seconds 
========================================================================
Received Import Request.
  Time since last request: 21.828006 seconds.
  path: Assets/topics/04 randomness, noise, determinism/shaders/Assignment.shader
  artifactKey: Guid(0108f4683982bb8449765f104dc56186) Importer(815301076,1909f56bfc062723c751e8b465ee728b)
Start importing Assets/topics/04 randomness, noise, determinism/shaders/Assignment.shader using Guid(0108f4683982bb8449765f104dc56186) Importer(815301076,1909f56bfc062723c751e8b465ee728b)  -> (artifact id: '8c467562683dc44729f1592257211538') in 0.010692 seconds 
========================================================================
Received Import Request.
  Time since last request: 17.946128 seconds.
  path: Assets/topics/04 randomness, noise, determinism/shaders/Assignment.shader
  artifactKey: Guid(0108f4683982bb8449765f104dc56186) Importer(815301076,1909f56bfc062723c751e8b465ee728b)
Start importing Assets/topics/04 randomness, noise, determinism/shaders/Assignment.shader using Guid(0108f4683982bb8449765f104dc56186) Importer(815301076,1909f56bfc062723c751e8b465ee728b)  -> (artifact id: '62996b41b42c66064d0a21eb56a94980') in 0.010058 seconds 
========================================================================
Received Import Request.
  Time since last request: 154.355898 seconds.
  path: Assets/topics/04 randomness, noise, determinism/shaders/Assignment.shader
  artifactKey: Guid(0108f4683982bb8449765f104dc56186) Importer(815301076,1909f56bfc062723c751e8b465ee728b)
Start importing Assets/topics/04 randomness, noise, determinism/shaders/Assignment.shader using Guid(0108f4683982bb8449765f104dc56186) Importer(815301076,1909f56bfc062723c751e8b465ee728b)  -> (artifact id: 'c6fcc104fb9489c9b52d2cc23ccd2f88') in 0.012578 seconds 
========================================================================
Received Import Request.
  Time since last request: 183.110334 seconds.
  path: Assets/topics/04 randomness, noise, determinism/shaders/Assignment.shader
  artifactKey: Guid(0108f4683982bb8449765f104dc56186) Importer(815301076,1909f56bfc062723c751e8b465ee728b)
Start importing Assets/topics/04 randomness, noise, determinism/shaders/Assignment.shader using Guid(0108f4683982bb8449765f104dc56186) Importer(815301076,1909f56bfc062723c751e8b465ee728b)  -> (artifact id: 'fc754f49db799f906a3313e5ea13a24f') in 0.014386 seconds 
========================================================================
Received Import Request.
  Time since last request: 430.701196 seconds.
  path: Assets/topics/04 randomness, noise, determinism/shaders/Assignment.shader
  artifactKey: Guid(0108f4683982bb8449765f104dc56186) Importer(815301076,1909f56bfc062723c751e8b465ee728b)
Start importing Assets/topics/04 randomness, noise, determinism/shaders/Assignment.shader using Guid(0108f4683982bb8449765f104dc56186) Importer(815301076,1909f56bfc062723c751e8b465ee728b)  -> (artifact id: 'df56e41481054ef42936f12ecb686bce') in 0.015141 seconds 
========================================================================
Received Import Request.
  Time since last request: 13.422510 seconds.
  path: Assets/topics/04 randomness, noise, determinism/shaders/fractal noise.shader
  artifactKey: Guid(2f0526130fc7c4e8fab3e9fe67ff7fb8) Importer(815301076,1909f56bfc062723c751e8b465ee728b)
Start importing Assets/topics/04 randomness, noise, determinism/shaders/fractal noise.shader using Guid(2f0526130fc7c4e8fab3e9fe67ff7fb8) Importer(815301076,1909f56bfc062723c751e8b465ee728b)  -> (artifact id: 'e30fa92953a29318edcace45e939885c') in 0.023876 seconds 
========================================================================
Received Import Request.
  Time since last request: 0.286566 seconds.
  path: Assets/topics/04 randomness, noise, determinism/shaders/random 1D.shader
  artifactKey: Guid(917abd251c78e481390058638ed67d76) Importer(815301076,1909f56bfc062723c751e8b465ee728b)
Start importing Assets/topics/04 randomness, noise, determinism/shaders/random 1D.shader using Guid(917abd251c78e481390058638ed67d76) Importer(815301076,1909f56bfc062723c751e8b465ee728b)  -> (artifact id: 'b0aa09aef48b1c30b9363ca6c8851c8c') in 0.018822 seconds 
========================================================================
Received Import Request.
  Time since last request: 0.354541 seconds.
  path: Assets/topics/04 randomness, noise, determinism/shaders/texture mapping.shader
  artifactKey: Guid(950799e3b997a40c197d5c1302706c41) Importer(815301076,1909f56bfc062723c751e8b465ee728b)
Start importing Assets/topics/04 randomness, noise, determinism/shaders/texture mapping.shader using Guid(950799e3b997a40c197d5c1302706c41) Importer(815301076,1909f56bfc062723c751e8b465ee728b)  -> (artifact id: '4a9a5178579ffdd7a45f3e87f45686c9') in 0.015942 seconds 
========================================================================
Received Import Request.
  Time since last request: 1.035609 seconds.
  path: Assets/topics/04 randomness, noise, determinism/shaders/using noise 2.shader
  artifactKey: Guid(e70d4861f12a2464e81fdd5bf5dd3b90) Importer(815301076,1909f56bfc062723c751e8b465ee728b)
Start importing Assets/topics/04 randomness, noise, determinism/shaders/using noise 2.shader using Guid(e70d4861f12a2464e81fdd5bf5dd3b90) Importer(815301076,1909f56bfc062723c751e8b465ee728b)  -> (artifact id: '83ebac14af0bfe1748eb65876369af3c') in 0.011981 seconds 
========================================================================
Received Import Request.
  Time since last request: 3.883692 seconds.
  path: Assets/topics/04 randomness, noise, determinism/shaders/using noise 3.shader
  artifactKey: Guid(84d089e6b503e4b5193a0502142ee629) Importer(815301076,1909f56bfc062723c751e8b465ee728b)
Start importing Assets/topics/04 randomness, noise, determinism/shaders/using noise 3.shader using Guid(84d089e6b503e4b5193a0502142ee629) Importer(815301076,1909f56bfc062723c751e8b465ee728b)  -> (artifact id: 'dea326a52e2d8bd942882eb2d75f1669') in 0.011889 seconds 
========================================================================
Received Import Request.
  Time since last request: 968.302617 seconds.
  path: Assets/topics/03 transformations, spaces, and shader structure/materials
  artifactKey: Guid(1ed64a2e7023acd41844af5b1b2e47eb) Importer(815301076,1909f56bfc062723c751e8b465ee728b)
Start importing Assets/topics/03 transformations, spaces, and shader structure/materials using Guid(1ed64a2e7023acd41844af5b1b2e47eb) Importer(815301076,1909f56bfc062723c751e8b465ee728b)  -> (artifact id: '15b8412f8cb7325ab7c7efa7c06af6e6') in 0.018378 seconds 
========================================================================
Received Import Request.
  Time since last request: 0.552337 seconds.
  path: Assets/topics/03 transformations, spaces, and shader structure/scene
  artifactKey: Guid(b88f040b03646864db39a484f4533fa1) Importer(815301076,1909f56bfc062723c751e8b465ee728b)
Start importing Assets/topics/03 transformations, spaces, and shader structure/scene using Guid(b88f040b03646864db39a484f4533fa1) Importer(815301076,1909f56bfc062723c751e8b465ee728b)  -> (artifact id: 'c40ff5b78d04d693a1440c33d848c5bd') in 0.023031 seconds 
========================================================================
Received Import Request.
  Time since last request: 0.982412 seconds.
  path: Assets/topics/03 transformations, spaces, and shader structure/scripts
  artifactKey: Guid(9fc6b2ea66b8d9d469a93b3fbcf996c1) Importer(815301076,1909f56bfc062723c751e8b465ee728b)
Start importing Assets/topics/03 transformations, spaces, and shader structure/scripts using Guid(9fc6b2ea66b8d9d469a93b3fbcf996c1) Importer(815301076,1909f56bfc062723c751e8b465ee728b)  -> (artifact id: 'f97f99bcdbb50e6c0975d9bd1c6ab82a') in 0.016275 seconds 
========================================================================
Received Import Request.
  Time since last request: 1.047019 seconds.
  path: Assets/topics/03 transformations, spaces, and shader structure/scripts/SendTime.cs
  artifactKey: Guid(647452074f025494dab683abf64a9e42) Importer(815301076,1909f56bfc062723c751e8b465ee728b)
Start importing Assets/topics/03 transformations, spaces, and shader structure/scripts/SendTime.cs using Guid(647452074f025494dab683abf64a9e42) Importer(815301076,1909f56bfc062723c751e8b465ee728b)  -> (artifact id: 'c9dc647c94cc1244213fbb77395d2aa1') in 0.048101 seconds 
========================================================================
Received Import Request.
  Time since last request: 3.061240 seconds.
  path: Assets/topics/03 transformations, spaces, and shader structure/shaders/multiple spaces.shader
  artifactKey: Guid(f0e4328c1f4b549f9aaa3ad99ff64ecf) Importer(815301076,1909f56bfc062723c751e8b465ee728b)
Start importing Assets/topics/03 transformations, spaces, and shader structure/shaders/multiple spaces.shader using Guid(f0e4328c1f4b549f9aaa3ad99ff64ecf) Importer(815301076,1909f56bfc062723c751e8b465ee728b)  -> (artifact id: '38d3c8a7c9ad98ab8b77c3e23cbbceed') in 0.019043 seconds 
========================================================================
Received Import Request.
  Time since last request: 0.342982 seconds.
  path: Assets/topics/03 transformations, spaces, and shader structure/shaders/scale.shader
  artifactKey: Guid(49204bdfdfbd54d8fa366f0244af3ce9) Importer(815301076,1909f56bfc062723c751e8b465ee728b)
Start importing Assets/topics/03 transformations, spaces, and shader structure/shaders/scale.shader using Guid(49204bdfdfbd54d8fa366f0244af3ce9) Importer(815301076,1909f56bfc062723c751e8b465ee728b)  -> (artifact id: '0d0d17d385cdc3b5cf656c9fa17c3cd5') in 0.020031 seconds 
========================================================================
Received Import Request.
  Time since last request: 0.473858 seconds.
  path: Assets/topics/03 transformations, spaces, and shader structure/shaders/shader structure.shader
  artifactKey: Guid(3286b00debc9e4b208846d0a9d06bd46) Importer(815301076,1909f56bfc062723c751e8b465ee728b)
Start importing Assets/topics/03 transformations, spaces, and shader structure/shaders/shader structure.shader using Guid(3286b00debc9e4b208846d0a9d06bd46) Importer(815301076,1909f56bfc062723c751e8b465ee728b)  -> (artifact id: '7d18d87048d47663ddf736d3513ef7f1') in 0.016086 seconds 
========================================================================
Received Import Request.
  Time since last request: 0.379735 seconds.
  path: Assets/topics/03 transformations, spaces, and shader structure/shaders/translate.shader
  artifactKey: Guid(ff9e8f30977fc4d2eb916ab1ac0c0db1) Importer(815301076,1909f56bfc062723c751e8b465ee728b)
Start importing Assets/topics/03 transformations, spaces, and shader structure/shaders/translate.shader using Guid(ff9e8f30977fc4d2eb916ab1ac0c0db1) Importer(815301076,1909f56bfc062723c751e8b465ee728b)  -> (artifact id: '69380af81b1a98afb90451adfa70eccc') in 0.017899 seconds 
========================================================================
Received Import Request.
  Time since last request: 1.905532 seconds.
  path: Assets/topics/03 transformations, spaces, and shader structure/shaders/compound transformations.shader
  artifactKey: Guid(453c1b417526644ea871e744cd1cf6e6) Importer(815301076,1909f56bfc062723c751e8b465ee728b)
Start importing Assets/topics/03 transformations, spaces, and shader structure/shaders/compound transformations.shader using Guid(453c1b417526644ea871e744cd1cf6e6) Importer(815301076,1909f56bfc062723c751e8b465ee728b)  -> (artifact id: '4ec3603fad8dfbced6d220e715968e0a') in 0.015478 seconds 
========================================================================
Received Import Request.
  Time since last request: 0.427757 seconds.
  path: Assets/topics/03 transformations, spaces, and shader structure/shaders/Copy.shader
  artifactKey: Guid(6ebe175144e050e4896991a622e7212d) Importer(815301076,1909f56bfc062723c751e8b465ee728b)
Start importing Assets/topics/03 transformations, spaces, and shader structure/shaders/Copy.shader using Guid(6ebe175144e050e4896991a622e7212d) Importer(815301076,1909f56bfc062723c751e8b465ee728b)  -> (artifact id: 'af8048986ff85e05d563e9b399d32f89') in 0.016470 seconds 
